set -o pipefail; /usr/bin/mariadb-dump --user=_48b40acffa352c29 --host=127.0.0.1 --port=3306 --password=********** --single-transaction --quick --lock-tables=false _48b40acffa352c29 | /usr/bin/gzip >> ./service/private/backups/20260422_120003-service-database.sql.gz

Backup Summary for service at 2026-04-22 12:00:06.742935
Config  : /home/azizul-hoq/frappe/erp-service/sites/service/private/backups/20260422_120003-service-site_config_backup.json 127.0B
Database: /home/azizul-hoq/frappe/erp-service/sites/service/private/backups/20260422_120003-service-database.sql.gz 892.6KiB
Backup for Site service has been successfully completed
set -o pipefail; /usr/bin/mariadb-dump --user=_48b40acffa352c29 --host=127.0.0.1 --port=3306 --password=********** --single-transaction --quick --lock-tables=false _48b40acffa352c29 | /usr/bin/gzip >> ./service/private/backups/20260423_120003-service-database.sql.gz

Backup Summary for service at 2026-04-23 12:00:06.565711
Config  : /home/azizul-hoq/frappe/erp-service/sites/service/private/backups/20260423_120003-service-site_config_backup.json 127.0B
Database: /home/azizul-hoq/frappe/erp-service/sites/service/private/backups/20260423_120003-service-database.sql.gz 949.8KiB
Backup for Site service has been successfully completed
set -o pipefail; /usr/bin/mariadb-dump --user=_48b40acffa352c29 --host=127.0.0.1 --port=3306 --password=********** --single-transaction --quick --lock-tables=false _48b40acffa352c29 | /usr/bin/gzip >> ./service/private/backups/20260426_120003-service-database.sql.gz

Backup Summary for service at 2026-04-26 12:00:08.085000
Config  : /home/azizul-hoq/frappe/erp-service/sites/service/private/backups/20260426_120003-service-site_config_backup.json 149.0B
Database: /home/azizul-hoq/frappe/erp-service/sites/service/private/backups/20260426_120003-service-database.sql.gz 1.0MiB
Backup for Site service has been successfully completed
set -o pipefail; /usr/bin/mariadb-dump --user=_48b40acffa352c29 --host=127.0.0.1 --port=3306 --password=********** --single-transaction --quick --lock-tables=false _48b40acffa352c29 | /usr/bin/gzip >> ./service/private/backups/20260427_120002-service-database.sql.gz

Backup Summary for service at 2026-04-27 12:00:07.064219
Config  : /home/azizul-hoq/frappe/erp-service/sites/service/private/backups/20260427_120002-service-site_config_backup.json 216.0B
Database: /home/azizul-hoq/frappe/erp-service/sites/service/private/backups/20260427_120002-service-database.sql.gz 3.1MiB
Backup for Site service has been successfully completed
set -o pipefail; /usr/bin/mariadb-dump --user=_48b40acffa352c29 --host=127.0.0.1 --port=3306 --password=********** --single-transaction --quick --lock-tables=false _48b40acffa352c29 | /usr/bin/gzip >> ./service/private/backups/20260429_120003-service-database.sql.gz

Backup Summary for service at 2026-04-29 12:00:07.417621
Config  : /home/azizul-hoq/frappe/erp-service/sites/service/private/backups/20260429_120003-service-site_config_backup.json 216.0B
Database: /home/azizul-hoq/frappe/erp-service/sites/service/private/backups/20260429_120003-service-database.sql.gz 3.2MiB
Backup for Site service has been successfully completed
set -o pipefail; /usr/bin/mariadb-dump --user=_48b40acffa352c29 --host=127.0.0.1 --port=3306 --password=********** --single-transaction --quick --lock-tables=false _48b40acffa352c29 | /usr/bin/gzip >> ./service/private/backups/20260430_120003-service-database.sql.gz

Backup Summary for service at 2026-04-30 12:00:09.160289
Config  : /home/azizul-hoq/frappe/erp-service/sites/service/private/backups/20260430_120003-service-site_config_backup.json 216.0B
Database: /home/azizul-hoq/frappe/erp-service/sites/service/private/backups/20260430_120003-service-database.sql.gz 3.2MiB
Backup for Site service has been successfully completed
set -o pipefail; /usr/bin/mariadb-dump --user=_48b40acffa352c29 --host=127.0.0.1 --port=3306 --password=********** --single-transaction --quick --lock-tables=false _48b40acffa352c29 | /usr/bin/gzip >> ./service/private/backups/20260503_120003-service-database.sql.gz

Backup Summary for service at 2026-05-03 12:00:08.469692
Config  : /home/azizul-hoq/frappe/erp-service/sites/service/private/backups/20260503_120003-service-site_config_backup.json 216.0B
Database: /home/azizul-hoq/frappe/erp-service/sites/service/private/backups/20260503_120003-service-database.sql.gz 3.2MiB
Backup for Site service has been successfully completed
set -o pipefail; /usr/bin/mariadb-dump --user=_48b40acffa352c29 --host=127.0.0.1 --port=3306 --password=********** --single-transaction --quick --lock-tables=false _48b40acffa352c29 | /usr/bin/gzip >> ./service/private/backups/20260504_120003-service-database.sql.gz

Backup Summary for service at 2026-05-04 12:00:08.055252
Config  : /home/azizul-hoq/frappe/erp-service/sites/service/private/backups/20260504_120003-service-site_config_backup.json 216.0B
Database: /home/azizul-hoq/frappe/erp-service/sites/service/private/backups/20260504_120003-service-database.sql.gz 3.3MiB
Backup for Site service has been successfully completed
set -o pipefail; /usr/bin/mariadb-dump --user=_48b40acffa352c29 --host=127.0.0.1 --port=3306 --password=********** --single-transaction --quick --lock-tables=false _48b40acffa352c29 | /usr/bin/gzip >> ./service/private/backups/20260505_120003-service-database.sql.gz

Backup Summary for service at 2026-05-05 12:00:10.129255
Config  : /home/azizul-hoq/frappe/erp-service/sites/service/private/backups/20260505_120003-service-site_config_backup.json 216.0B
Database: /home/azizul-hoq/frappe/erp-service/sites/service/private/backups/20260505_120003-service-database.sql.gz 3.4MiB
Backup for Site service has been successfully completed
set -o pipefail; /usr/bin/mariadb-dump --user=_48b40acffa352c29 --host=127.0.0.1 --port=3306 --password=********** --single-transaction --quick --lock-tables=false _48b40acffa352c29 | /usr/bin/gzip >> ./service/private/backups/20260506_060003-service-database.sql.gz

Backup Summary for service at 2026-05-06 06:00:09.395420
Config  : /home/azizul-hoq/frappe/erp-service/sites/service/private/backups/20260506_060003-service-site_config_backup.json 216.0B
Database: /home/azizul-hoq/frappe/erp-service/sites/service/private/backups/20260506_060003-service-database.sql.gz 3.4MiB
Backup for Site service has been successfully completed
