2026-04-26 15:09:40,265 ERROR cssutils Property: Invalid value for "CSS Level 2.1" property: var(--gray-900) [14:3: color]
2026-04-26 15:09:40,322 WARNING cssutils Property: Unknown Property name. [64:2: word-wrap]
2026-04-26 15:09:40,327 WARNING cssutils Property: Unknown Property name. [83:2: columns]
2026-04-26 15:09:40,328 WARNING cssutils Property: Unknown Property name. [90:2: background-size]
2026-04-26 15:09:40,333 WARNING cssutils Property: Unknown Property name. [98:2: object-fit]
2026-04-26 15:09:40,335 ERROR cssutils Invalid token: ('INVALID', '",', 110, 63)
2026-04-26 15:09:40,336 ERROR cssutils PropertyValue: Unknown syntax or no value:  
	"InterVariable", "Inter", -apple-system", "BlinkMacSystemFont",
		"Segoe UI", "Roboto", "Oxygen", "Ubuntu", "Cantarell", "Fira Sans", "Droid Sans",
		"Helvetica Neue", sans-serif
2026-04-26 15:09:40,336 ERROR cssutils CSSStyleDeclaration: Syntax Error in Property: font-family: 
	"InterVariable", "Inter", -apple-system", "BlinkMacSystemFont",
		"Segoe UI", "Roboto", "Oxygen", "Ubuntu", "Cantarell", "Fira Sans", "Droid Sans",
		"Helvetica Neue", sans-serif
2026-04-26 15:09:40,336 WARNING cssutils Property: Unknown Property name. [114:2: -webkit-print-color-adjust]
2026-04-26 15:09:40,347 WARNING cssutils Property: Unknown Property name. [166:2: word-break]
2026-04-26 15:09:45,395 ERROR cssutils Property: Invalid value for "CSS Level 2.1" property: var(--gray-900) [14:3: color]
2026-04-26 15:09:45,446 WARNING cssutils Property: Unknown Property name. [64:2: word-wrap]
2026-04-26 15:09:45,451 WARNING cssutils Property: Unknown Property name. [83:2: columns]
2026-04-26 15:09:45,452 WARNING cssutils Property: Unknown Property name. [90:2: background-size]
2026-04-26 15:09:45,455 WARNING cssutils Property: Unknown Property name. [98:2: object-fit]
2026-04-26 15:09:45,457 ERROR cssutils Invalid token: ('INVALID', '",', 110, 63)
2026-04-26 15:09:45,458 ERROR cssutils PropertyValue: Unknown syntax or no value:  
	"InterVariable", "Inter", -apple-system", "BlinkMacSystemFont",
		"Segoe UI", "Roboto", "Oxygen", "Ubuntu", "Cantarell", "Fira Sans", "Droid Sans",
		"Helvetica Neue", sans-serif
2026-04-26 15:09:45,458 ERROR cssutils CSSStyleDeclaration: Syntax Error in Property: font-family: 
	"InterVariable", "Inter", -apple-system", "BlinkMacSystemFont",
		"Segoe UI", "Roboto", "Oxygen", "Ubuntu", "Cantarell", "Fira Sans", "Droid Sans",
		"Helvetica Neue", sans-serif
2026-04-26 15:09:45,458 WARNING cssutils Property: Unknown Property name. [114:2: -webkit-print-color-adjust]
2026-04-26 15:09:45,468 WARNING cssutils Property: Unknown Property name. [166:2: word-break]
2026-04-26 15:09:48,831 ERROR cssutils Property: Invalid value for "CSS Level 2.1" property: var(--gray-900) [14:3: color]
2026-04-26 15:09:48,880 WARNING cssutils Property: Unknown Property name. [64:2: word-wrap]
2026-04-26 15:09:48,884 WARNING cssutils Property: Unknown Property name. [83:2: columns]
2026-04-26 15:09:48,886 WARNING cssutils Property: Unknown Property name. [90:2: background-size]
2026-04-26 15:09:48,888 WARNING cssutils Property: Unknown Property name. [98:2: object-fit]
2026-04-26 15:09:48,891 ERROR cssutils Invalid token: ('INVALID', '",', 110, 63)
2026-04-26 15:09:48,891 ERROR cssutils PropertyValue: Unknown syntax or no value:  
	"InterVariable", "Inter", -apple-system", "BlinkMacSystemFont",
		"Segoe UI", "Roboto", "Oxygen", "Ubuntu", "Cantarell", "Fira Sans", "Droid Sans",
		"Helvetica Neue", sans-serif
2026-04-26 15:09:48,891 ERROR cssutils CSSStyleDeclaration: Syntax Error in Property: font-family: 
	"InterVariable", "Inter", -apple-system", "BlinkMacSystemFont",
		"Segoe UI", "Roboto", "Oxygen", "Ubuntu", "Cantarell", "Fira Sans", "Droid Sans",
		"Helvetica Neue", sans-serif
2026-04-26 15:09:48,891 WARNING cssutils Property: Unknown Property name. [114:2: -webkit-print-color-adjust]
2026-04-26 15:09:48,900 WARNING cssutils Property: Unknown Property name. [166:2: word-break]
2026-04-26 15:09:52,780 ERROR cssutils Property: Invalid value for "CSS Level 2.1" property: var(--gray-900) [14:3: color]
2026-04-26 15:09:52,832 WARNING cssutils Property: Unknown Property name. [64:2: word-wrap]
2026-04-26 15:09:52,836 WARNING cssutils Property: Unknown Property name. [83:2: columns]
2026-04-26 15:09:52,838 WARNING cssutils Property: Unknown Property name. [90:2: background-size]
2026-04-26 15:09:52,840 WARNING cssutils Property: Unknown Property name. [98:2: object-fit]
2026-04-26 15:09:52,843 ERROR cssutils Invalid token: ('INVALID', '",', 110, 63)
2026-04-26 15:09:52,844 ERROR cssutils PropertyValue: Unknown syntax or no value:  
	"InterVariable", "Inter", -apple-system", "BlinkMacSystemFont",
		"Segoe UI", "Roboto", "Oxygen", "Ubuntu", "Cantarell", "Fira Sans", "Droid Sans",
		"Helvetica Neue", sans-serif
2026-04-26 15:09:52,844 ERROR cssutils CSSStyleDeclaration: Syntax Error in Property: font-family: 
	"InterVariable", "Inter", -apple-system", "BlinkMacSystemFont",
		"Segoe UI", "Roboto", "Oxygen", "Ubuntu", "Cantarell", "Fira Sans", "Droid Sans",
		"Helvetica Neue", sans-serif
2026-04-26 15:09:52,844 WARNING cssutils Property: Unknown Property name. [114:2: -webkit-print-color-adjust]
2026-04-26 15:09:52,854 WARNING cssutils Property: Unknown Property name. [166:2: word-break]
2026-04-26 15:10:02,435 ERROR cssutils Property: Invalid value for "CSS Level 2.1" property: var(--gray-900) [14:3: color]
2026-04-26 15:10:02,488 WARNING cssutils Property: Unknown Property name. [64:2: word-wrap]
2026-04-26 15:10:02,493 WARNING cssutils Property: Unknown Property name. [83:2: columns]
2026-04-26 15:10:02,495 WARNING cssutils Property: Unknown Property name. [90:2: background-size]
2026-04-26 15:10:02,498 WARNING cssutils Property: Unknown Property name. [98:2: object-fit]
2026-04-26 15:10:02,500 ERROR cssutils Invalid token: ('INVALID', '",', 110, 63)
2026-04-26 15:10:02,500 ERROR cssutils PropertyValue: Unknown syntax or no value:  
	"InterVariable", "Inter", -apple-system", "BlinkMacSystemFont",
		"Segoe UI", "Roboto", "Oxygen", "Ubuntu", "Cantarell", "Fira Sans", "Droid Sans",
		"Helvetica Neue", sans-serif
2026-04-26 15:10:02,501 ERROR cssutils CSSStyleDeclaration: Syntax Error in Property: font-family: 
	"InterVariable", "Inter", -apple-system", "BlinkMacSystemFont",
		"Segoe UI", "Roboto", "Oxygen", "Ubuntu", "Cantarell", "Fira Sans", "Droid Sans",
		"Helvetica Neue", sans-serif
2026-04-26 15:10:02,501 WARNING cssutils Property: Unknown Property name. [114:2: -webkit-print-color-adjust]
2026-04-26 15:10:02,510 WARNING cssutils Property: Unknown Property name. [166:2: word-break]
