2026-04-23 12:39:41,933 WARNING database DDL Query made to DB:
create table `tabSupport Technician` (
			name varchar(140) primary key,
			creation datetime(6),
			modified datetime(6),
			modified_by varchar(140),
			owner varchar(140),
			docstatus tinyint not null default '0',
			idx int not null default '0',
			`amended_from` varchar(140),
`_user_tags` text,
`_comments` text,
`_assign` text,
`_liked_by` text,
index `amended_from`(`amended_from`),
index creation(creation))
			ENGINE=InnoDB
			ROW_FORMAT=DYNAMIC
			CHARACTER SET=utf8mb4
			COLLATE=utf8mb4_unicode_ci
2026-04-23 12:58:02,477 WARNING database DDL Query made to DB:
ALTER TABLE `tabSupport Technician` ADD COLUMN `support_id` int(11) NOT NULL DEFAULT 0, ADD COLUMN `customer` varchar(140), ADD COLUMN `assigned_technician` varchar(140), ADD COLUMN `description` varchar(140), ADD COLUMN `status` varchar(140), ADD COLUMN `posting_date` varchar(140), ADD COLUMN `schedule_date` date
2026-04-23 13:04:39,050 WARNING database DDL Query made to DB:
create table `tabService Item` (
			name varchar(140) primary key,
			creation datetime(6),
			modified datetime(6),
			modified_by varchar(140),
			owner varchar(140),
			docstatus tinyint not null default '0',
			idx int not null default '0',
			parent varchar(140),
parentfield varchar(140),
parenttype varchar(140),
index parent(parent))
			ENGINE=InnoDB
			ROW_FORMAT=DYNAMIC
			CHARACTER SET=utf8mb4
			COLLATE=utf8mb4_unicode_ci
2026-04-23 13:07:26,226 WARNING database DDL Query made to DB:
alter table `tabService Item` add column if not exists parent varchar(140)
2026-04-23 13:07:26,227 WARNING database DDL Query made to DB:
alter table `tabService Item` add column if not exists parenttype varchar(140)
2026-04-23 13:07:26,228 WARNING database DDL Query made to DB:
alter table `tabService Item` add column if not exists parentfield varchar(140)
2026-04-23 13:07:26,317 WARNING database DDL Query made to DB:
ALTER TABLE `tabService Item` ADD COLUMN `item_code` varchar(140), ADD COLUMN `item_name` varchar(140), ADD COLUMN `rate` decimal(21,9) NOT NULL DEFAULT 0.0, ADD COLUMN `amount` decimal(21,9) NOT NULL DEFAULT 0.0, ADD COLUMN `start_time` varchar(140), ADD COLUMN `end_time` varchar(140)
2026-04-23 13:07:46,038 WARNING database DDL Query made to DB:
alter table `tabService Item` add column if not exists parent varchar(140)
2026-04-23 13:07:46,039 WARNING database DDL Query made to DB:
alter table `tabService Item` add column if not exists parenttype varchar(140)
2026-04-23 13:07:46,039 WARNING database DDL Query made to DB:
alter table `tabService Item` add column if not exists parentfield varchar(140)
2026-04-23 14:43:42,399 WARNING database DDL Query made to DB:
ALTER TABLE `tabSupport Technician` MODIFY `posting_date` date, MODIFY `description` text
2026-04-23 15:48:27,694 WARNING database DDL Query made to DB:
ALTER TABLE `tabSupport Technician` MODIFY `assigned_technician` longtext
2026-04-23 15:49:14,766 WARNING database DDL Query made to DB:
ALTER TABLE `tabSupport Technician` MODIFY `assigned_technician` varchar(140)
2026-04-26 09:41:09,559 WARNING database DDL Query made to DB:
create table `tabPurchase Requisition` (
			name varchar(140) primary key,
			creation datetime(6),
			modified datetime(6),
			modified_by varchar(140),
			owner varchar(140),
			docstatus tinyint not null default '0',
			idx int not null default '0',
			`amended_from` varchar(140),
`_user_tags` text,
`_comments` text,
`_assign` text,
`_liked_by` text,
index `amended_from`(`amended_from`),
index creation(creation))
			ENGINE=InnoDB
			ROW_FORMAT=DYNAMIC
			CHARACTER SET=utf8mb4
			COLLATE=utf8mb4_unicode_ci
2026-04-26 09:45:40,130 WARNING database DDL Query made to DB:
ALTER TABLE `tabPurchase Requisition` ADD COLUMN `item_name` varchar(140), ADD COLUMN `quantity` decimal(21,9) NOT NULL DEFAULT 0.0, ADD COLUMN `expected_price` decimal(21,9) NOT NULL DEFAULT 0.0, ADD COLUMN `total_amount` decimal(21,9) NOT NULL DEFAULT 0.0, ADD COLUMN `department` varchar(140) DEFAULT 'Selling', ADD COLUMN `reason` text
2026-04-26 09:59:14,513 WARNING database DDL Query made to DB:
ALTER TABLE `tabPurchase Requisition` ADD COLUMN `workflow_state` varchar(140)
2026-04-26 10:10:26,082 WARNING database DDL Query made to DB:
ALTER TABLE `tabSupport Technician` ADD COLUMN `workflow_state` varchar(140)
2026-04-26 10:15:35,500 WARNING database DDL Query made to DB:
create table `tabWork Log` (
			name varchar(140) primary key,
			creation datetime(6),
			modified datetime(6),
			modified_by varchar(140),
			owner varchar(140),
			docstatus tinyint not null default '0',
			idx int not null default '0',
			parent varchar(140),
parentfield varchar(140),
parenttype varchar(140),
index parent(parent))
			ENGINE=InnoDB
			ROW_FORMAT=DYNAMIC
			CHARACTER SET=utf8mb4
			COLLATE=utf8mb4_unicode_ci
2026-04-26 10:19:58,516 WARNING database DDL Query made to DB:
alter table `tabWork Log` add column if not exists parent varchar(140)
2026-04-26 10:19:58,517 WARNING database DDL Query made to DB:
alter table `tabWork Log` add column if not exists parenttype varchar(140)
2026-04-26 10:19:58,518 WARNING database DDL Query made to DB:
alter table `tabWork Log` add column if not exists parentfield varchar(140)
2026-04-26 10:19:58,604 WARNING database DDL Query made to DB:
ALTER TABLE `tabWork Log` ADD COLUMN `technician` varchar(140), ADD COLUMN `start_time` datetime(6), ADD COLUMN `end_time` datetime(6), ADD COLUMN `hours_worked` decimal(21,9) NOT NULL DEFAULT 0.0, ADD COLUMN `notes` text
2026-04-26 10:25:43,690 WARNING database DDL Query made to DB:
ALTER TABLE `tabCustomer` ADD COLUMN `total_service_time` decimal(21,9) NOT NULL DEFAULT 0.0
2026-04-26 10:31:52,064 WARNING database DDL Query made to DB:
alter table `tabService Item` add column if not exists parent varchar(140)
2026-04-26 10:31:52,065 WARNING database DDL Query made to DB:
alter table `tabService Item` add column if not exists parenttype varchar(140)
2026-04-26 10:31:52,065 WARNING database DDL Query made to DB:
alter table `tabService Item` add column if not exists parentfield varchar(140)
2026-04-26 10:31:52,166 WARNING database DDL Query made to DB:
ALTER TABLE `tabService Item` ADD COLUMN `total_service_time` decimal(21,9) NOT NULL DEFAULT 0.0
2026-04-26 10:37:14,655 WARNING database DDL Query made to DB:
alter table `tabService Item` add column if not exists parent varchar(140)
2026-04-26 10:37:14,656 WARNING database DDL Query made to DB:
alter table `tabService Item` add column if not exists parenttype varchar(140)
2026-04-26 10:37:14,657 WARNING database DDL Query made to DB:
alter table `tabService Item` add column if not exists parentfield varchar(140)
2026-04-26 10:40:02,338 WARNING database DDL Query made to DB:
alter table `tabService Item` add column if not exists parent varchar(140)
2026-04-26 10:40:02,338 WARNING database DDL Query made to DB:
alter table `tabService Item` add column if not exists parenttype varchar(140)
2026-04-26 10:40:02,339 WARNING database DDL Query made to DB:
alter table `tabService Item` add column if not exists parentfield varchar(140)
2026-04-26 10:40:02,443 WARNING database DDL Query made to DB:
ALTER TABLE `tabService Item` ADD COLUMN `tst` varchar(140)
2026-04-26 10:40:42,127 WARNING database DDL Query made to DB:
alter table `tabService Item` add column if not exists parent varchar(140)
2026-04-26 10:40:42,128 WARNING database DDL Query made to DB:
alter table `tabService Item` add column if not exists parenttype varchar(140)
2026-04-26 10:40:42,128 WARNING database DDL Query made to DB:
alter table `tabService Item` add column if not exists parentfield varchar(140)
2026-04-26 10:48:14,051 WARNING database DDL Query made to DB:
alter table `tabService Item` add column if not exists parent varchar(140)
2026-04-26 10:48:14,051 WARNING database DDL Query made to DB:
alter table `tabService Item` add column if not exists parent varchar(140)
2026-04-26 10:48:14,052 WARNING database DDL Query made to DB:
alter table `tabService Item` add column if not exists parenttype varchar(140)
2026-04-26 10:48:14,052 WARNING database DDL Query made to DB:
alter table `tabService Item` add column if not exists parenttype varchar(140)
2026-04-26 10:48:14,053 WARNING database DDL Query made to DB:
alter table `tabService Item` add column if not exists parentfield varchar(140)
2026-04-26 10:48:14,053 WARNING database DDL Query made to DB:
alter table `tabService Item` add column if not exists parentfield varchar(140)
2026-04-26 10:52:34,121 WARNING database DDL Query made to DB:
alter table `tabService Item` add column if not exists parent varchar(140)
2026-04-26 10:52:34,121 WARNING database DDL Query made to DB:
alter table `tabService Item` add column if not exists parent varchar(140)
2026-04-26 10:52:34,121 WARNING database DDL Query made to DB:
alter table `tabService Item` add column if not exists parenttype varchar(140)
2026-04-26 10:52:34,121 WARNING database DDL Query made to DB:
alter table `tabService Item` add column if not exists parenttype varchar(140)
2026-04-26 10:52:34,122 WARNING database DDL Query made to DB:
alter table `tabService Item` add column if not exists parentfield varchar(140)
2026-04-26 10:52:34,122 WARNING database DDL Query made to DB:
alter table `tabService Item` add column if not exists parentfield varchar(140)
2026-04-26 10:54:03,046 WARNING database DDL Query made to DB:
alter table `tabService Item` add column if not exists parent varchar(140)
2026-04-26 10:54:03,046 WARNING database DDL Query made to DB:
alter table `tabService Item` add column if not exists parent varchar(140)
2026-04-26 10:54:03,049 WARNING database DDL Query made to DB:
alter table `tabService Item` add column if not exists parenttype varchar(140)
2026-04-26 10:54:03,049 WARNING database DDL Query made to DB:
alter table `tabService Item` add column if not exists parenttype varchar(140)
2026-04-26 10:54:03,050 WARNING database DDL Query made to DB:
alter table `tabService Item` add column if not exists parentfield varchar(140)
2026-04-26 10:54:03,050 WARNING database DDL Query made to DB:
alter table `tabService Item` add column if not exists parentfield varchar(140)
2026-04-26 11:17:37,840 WARNING database DDL Query made to DB:
alter table `tabService Item` add column if not exists parent varchar(140)
2026-04-26 11:17:37,840 WARNING database DDL Query made to DB:
alter table `tabService Item` add column if not exists parent varchar(140)
2026-04-26 11:17:37,842 WARNING database DDL Query made to DB:
alter table `tabService Item` add column if not exists parenttype varchar(140)
2026-04-26 11:17:37,842 WARNING database DDL Query made to DB:
alter table `tabService Item` add column if not exists parenttype varchar(140)
2026-04-26 11:17:37,843 WARNING database DDL Query made to DB:
alter table `tabService Item` add column if not exists parentfield varchar(140)
2026-04-26 11:17:37,843 WARNING database DDL Query made to DB:
alter table `tabService Item` add column if not exists parentfield varchar(140)
2026-04-26 11:18:32,964 WARNING database DDL Query made to DB:
alter table `tabService Item` add column if not exists parent varchar(140)
2026-04-26 11:18:32,964 WARNING database DDL Query made to DB:
alter table `tabService Item` add column if not exists parent varchar(140)
2026-04-26 11:18:32,965 WARNING database DDL Query made to DB:
alter table `tabService Item` add column if not exists parenttype varchar(140)
2026-04-26 11:18:32,965 WARNING database DDL Query made to DB:
alter table `tabService Item` add column if not exists parenttype varchar(140)
2026-04-26 11:18:32,966 WARNING database DDL Query made to DB:
alter table `tabService Item` add column if not exists parentfield varchar(140)
2026-04-26 11:18:32,966 WARNING database DDL Query made to DB:
alter table `tabService Item` add column if not exists parentfield varchar(140)
2026-04-26 11:22:10,158 WARNING database DDL Query made to DB:
create table `tabService Invoice` (
			name varchar(140) primary key,
			creation datetime(6),
			modified datetime(6),
			modified_by varchar(140),
			owner varchar(140),
			docstatus tinyint not null default '0',
			idx int not null default '0',
			`_user_tags` text,
`_comments` text,
`_assign` text,
`_liked_by` text,
index creation(creation))
			ENGINE=InnoDB
			ROW_FORMAT=DYNAMIC
			CHARACTER SET=utf8mb4
			COLLATE=utf8mb4_unicode_ci
2026-04-26 11:22:10,158 WARNING database DDL Query made to DB:
create table `tabService Invoice` (
			name varchar(140) primary key,
			creation datetime(6),
			modified datetime(6),
			modified_by varchar(140),
			owner varchar(140),
			docstatus tinyint not null default '0',
			idx int not null default '0',
			`_user_tags` text,
`_comments` text,
`_assign` text,
`_liked_by` text,
index creation(creation))
			ENGINE=InnoDB
			ROW_FORMAT=DYNAMIC
			CHARACTER SET=utf8mb4
			COLLATE=utf8mb4_unicode_ci
2026-04-26 11:27:11,498 WARNING database DDL Query made to DB:
create table `tabService Invoice Item` (
			name varchar(140) primary key,
			creation datetime(6),
			modified datetime(6),
			modified_by varchar(140),
			owner varchar(140),
			docstatus tinyint not null default '0',
			idx int not null default '0',
			parent varchar(140),
parentfield varchar(140),
parenttype varchar(140),
index parent(parent))
			ENGINE=InnoDB
			ROW_FORMAT=DYNAMIC
			CHARACTER SET=utf8mb4
			COLLATE=utf8mb4_unicode_ci
2026-04-26 11:27:11,498 WARNING database DDL Query made to DB:
create table `tabService Invoice Item` (
			name varchar(140) primary key,
			creation datetime(6),
			modified datetime(6),
			modified_by varchar(140),
			owner varchar(140),
			docstatus tinyint not null default '0',
			idx int not null default '0',
			parent varchar(140),
parentfield varchar(140),
parenttype varchar(140),
index parent(parent))
			ENGINE=InnoDB
			ROW_FORMAT=DYNAMIC
			CHARACTER SET=utf8mb4
			COLLATE=utf8mb4_unicode_ci
2026-04-26 11:29:00,782 WARNING database DDL Query made to DB:
RENAME TABLE `tabService Invoice Item` TO `tabService Item Invoice`
2026-04-26 11:29:00,782 WARNING database DDL Query made to DB:
RENAME TABLE `tabService Invoice Item` TO `tabService Item Invoice`
2026-04-26 11:30:46,552 WARNING database DDL Query made to DB:
alter table `tabService Item Invoice` add column if not exists parent varchar(140)
2026-04-26 11:30:46,552 WARNING database DDL Query made to DB:
alter table `tabService Item Invoice` add column if not exists parent varchar(140)
2026-04-26 11:30:46,553 WARNING database DDL Query made to DB:
alter table `tabService Item Invoice` add column if not exists parenttype varchar(140)
2026-04-26 11:30:46,553 WARNING database DDL Query made to DB:
alter table `tabService Item Invoice` add column if not exists parenttype varchar(140)
2026-04-26 11:30:46,554 WARNING database DDL Query made to DB:
alter table `tabService Item Invoice` add column if not exists parentfield varchar(140)
2026-04-26 11:30:46,554 WARNING database DDL Query made to DB:
alter table `tabService Item Invoice` add column if not exists parentfield varchar(140)
2026-04-26 11:30:46,648 WARNING database DDL Query made to DB:
ALTER TABLE `tabService Item Invoice` ADD COLUMN `item_name` varchar(140), ADD COLUMN `hours` decimal(21,9) NOT NULL DEFAULT 0.0, ADD COLUMN `rate` decimal(21,9) NOT NULL DEFAULT 0.0, ADD COLUMN `amount` decimal(21,9) NOT NULL DEFAULT 0.0
2026-04-26 11:30:46,648 WARNING database DDL Query made to DB:
ALTER TABLE `tabService Item Invoice` ADD COLUMN `item_name` varchar(140), ADD COLUMN `hours` decimal(21,9) NOT NULL DEFAULT 0.0, ADD COLUMN `rate` decimal(21,9) NOT NULL DEFAULT 0.0, ADD COLUMN `amount` decimal(21,9) NOT NULL DEFAULT 0.0
2026-04-26 11:35:02,880 WARNING database DDL Query made to DB:
ALTER TABLE `tabService Invoice` ADD COLUMN `client` varchar(140), ADD COLUMN `service_item` varchar(140), ADD COLUMN `total_amount` decimal(21,9) NOT NULL DEFAULT 0.0, ADD COLUMN `tax_amount` decimal(21,9) NOT NULL DEFAULT 0.0, ADD COLUMN `grand_total` decimal(21,9) NOT NULL DEFAULT 0.0, ADD COLUMN `status` varchar(140)
2026-04-26 11:35:02,880 WARNING database DDL Query made to DB:
ALTER TABLE `tabService Invoice` ADD COLUMN `client` varchar(140), ADD COLUMN `service_item` varchar(140), ADD COLUMN `total_amount` decimal(21,9) NOT NULL DEFAULT 0.0, ADD COLUMN `tax_amount` decimal(21,9) NOT NULL DEFAULT 0.0, ADD COLUMN `grand_total` decimal(21,9) NOT NULL DEFAULT 0.0, ADD COLUMN `status` varchar(140)
2026-04-26 12:10:03,176 WARNING database DDL Query made to DB:
ALTER TABLE `tabPayment Entry` ADD COLUMN `custom_invoice` varchar(140)
2026-04-26 12:10:03,176 WARNING database DDL Query made to DB:
ALTER TABLE `tabPayment Entry` ADD COLUMN `custom_invoice` varchar(140)
2026-04-26 12:24:00,513 WARNING database DDL Query made to DB:
ALTER TABLE `tabPayment Entry` ADD COLUMN `custom_payment_date` datetime(6)
2026-04-26 12:24:00,513 WARNING database DDL Query made to DB:
ALTER TABLE `tabPayment Entry` ADD COLUMN `custom_payment_date` datetime(6)
2026-04-26 12:24:00,723 WARNING database DDL Query made to DB:
ALTER TABLE `tabPayment Entry` ADD COLUMN `custom_total_invoice_amount` decimal(21,9) NOT NULL DEFAULT 0.0
2026-04-26 12:24:00,723 WARNING database DDL Query made to DB:
ALTER TABLE `tabPayment Entry` ADD COLUMN `custom_total_invoice_amount` decimal(21,9) NOT NULL DEFAULT 0.0
2026-04-26 12:24:00,931 WARNING database DDL Query made to DB:
ALTER TABLE `tabPayment Entry` ADD COLUMN `custom_amount_paid` decimal(21,9) NOT NULL DEFAULT 0.0
2026-04-26 12:24:00,931 WARNING database DDL Query made to DB:
ALTER TABLE `tabPayment Entry` ADD COLUMN `custom_amount_paid` decimal(21,9) NOT NULL DEFAULT 0.0
2026-04-26 12:24:01,150 WARNING database DDL Query made to DB:
ALTER TABLE `tabPayment Entry` ADD COLUMN `custom_outstanding_amount` decimal(21,9) NOT NULL DEFAULT 0.0
2026-04-26 12:24:01,150 WARNING database DDL Query made to DB:
ALTER TABLE `tabPayment Entry` ADD COLUMN `custom_outstanding_amount` decimal(21,9) NOT NULL DEFAULT 0.0
2026-04-26 12:24:01,436 WARNING database DDL Query made to DB:
ALTER TABLE `tabPayment Entry` ADD COLUMN `custom_payment_method` varchar(140)
2026-04-26 12:24:01,436 WARNING database DDL Query made to DB:
ALTER TABLE `tabPayment Entry` ADD COLUMN `custom_payment_method` varchar(140)
2026-04-26 12:28:41,320 WARNING database DDL Query made to DB:
create table `tabPayment Entry Service` (
			name varchar(140) primary key,
			creation datetime(6),
			modified datetime(6),
			modified_by varchar(140),
			owner varchar(140),
			docstatus tinyint not null default '0',
			idx int not null default '0',
			`_user_tags` text,
`_comments` text,
`_assign` text,
`_liked_by` text,
index creation(creation))
			ENGINE=InnoDB
			ROW_FORMAT=DYNAMIC
			CHARACTER SET=utf8mb4
			COLLATE=utf8mb4_unicode_ci
2026-04-26 12:28:41,320 WARNING database DDL Query made to DB:
create table `tabPayment Entry Service` (
			name varchar(140) primary key,
			creation datetime(6),
			modified datetime(6),
			modified_by varchar(140),
			owner varchar(140),
			docstatus tinyint not null default '0',
			idx int not null default '0',
			`_user_tags` text,
`_comments` text,
`_assign` text,
`_liked_by` text,
index creation(creation))
			ENGINE=InnoDB
			ROW_FORMAT=DYNAMIC
			CHARACTER SET=utf8mb4
			COLLATE=utf8mb4_unicode_ci
2026-04-26 12:32:42,972 WARNING database DDL Query made to DB:
ALTER TABLE `tabPayment Entry Service` ADD COLUMN `custom_invoice` varchar(140)
2026-04-26 12:32:42,972 WARNING database DDL Query made to DB:
ALTER TABLE `tabPayment Entry Service` ADD COLUMN `custom_invoice` varchar(140)
2026-04-26 12:32:43,083 WARNING database DDL Query made to DB:
ALTER TABLE `tabPayment Entry Service` ADD COLUMN `custom_payment_date` datetime(6)
2026-04-26 12:32:43,083 WARNING database DDL Query made to DB:
ALTER TABLE `tabPayment Entry Service` ADD COLUMN `custom_payment_date` datetime(6)
2026-04-26 12:32:43,189 WARNING database DDL Query made to DB:
ALTER TABLE `tabPayment Entry Service` ADD COLUMN `custom_total_invoice_amount` decimal(21,9) NOT NULL DEFAULT 0.0
2026-04-26 12:32:43,189 WARNING database DDL Query made to DB:
ALTER TABLE `tabPayment Entry Service` ADD COLUMN `custom_total_invoice_amount` decimal(21,9) NOT NULL DEFAULT 0.0
2026-04-26 12:32:43,326 WARNING database DDL Query made to DB:
ALTER TABLE `tabPayment Entry Service` ADD COLUMN `custom_amount_paid` decimal(21,9) NOT NULL DEFAULT 0.0
2026-04-26 12:32:43,326 WARNING database DDL Query made to DB:
ALTER TABLE `tabPayment Entry Service` ADD COLUMN `custom_amount_paid` decimal(21,9) NOT NULL DEFAULT 0.0
2026-04-26 12:32:43,435 WARNING database DDL Query made to DB:
ALTER TABLE `tabPayment Entry Service` ADD COLUMN `custom_outstanding_amount` decimal(21,9) NOT NULL DEFAULT 0.0
2026-04-26 12:32:43,435 WARNING database DDL Query made to DB:
ALTER TABLE `tabPayment Entry Service` ADD COLUMN `custom_outstanding_amount` decimal(21,9) NOT NULL DEFAULT 0.0
2026-04-26 12:32:43,542 WARNING database DDL Query made to DB:
ALTER TABLE `tabPayment Entry Service` ADD COLUMN `custom_payment_method` varchar(140)
2026-04-26 12:32:43,542 WARNING database DDL Query made to DB:
ALTER TABLE `tabPayment Entry Service` ADD COLUMN `custom_payment_method` varchar(140)
2026-04-26 12:32:43,656 WARNING database DDL Query made to DB:
ALTER TABLE `tabPayment Entry Service` ADD COLUMN `custom_refrence_no` varchar(140)
2026-04-26 12:32:43,656 WARNING database DDL Query made to DB:
ALTER TABLE `tabPayment Entry Service` ADD COLUMN `custom_refrence_no` varchar(140)
2026-04-26 12:48:23,444 WARNING database DDL Query made to DB:
ALTER TABLE `tabPayment Entry Service` ADD COLUMN `workflow_state` varchar(140)
2026-04-26 14:18:56,671 WARNING database DDL Query made to DB:
alter table `tabWork Log` add column if not exists parent varchar(140)
2026-04-26 14:18:56,676 WARNING database DDL Query made to DB:
alter table `tabWork Log` add column if not exists parenttype varchar(140)
2026-04-26 14:18:56,676 WARNING database DDL Query made to DB:
alter table `tabWork Log` add column if not exists parentfield varchar(140)
2026-04-26 14:30:59,716 WARNING database DDL Query made to DB:
alter table `tabService Item` add column if not exists parent varchar(140)
2026-04-26 14:30:59,717 WARNING database DDL Query made to DB:
alter table `tabService Item` add column if not exists parenttype varchar(140)
2026-04-26 14:30:59,718 WARNING database DDL Query made to DB:
alter table `tabService Item` add column if not exists parentfield varchar(140)
2026-04-26 14:44:12,922 WARNING database DDL Query made to DB:
create table `tabTotal Requests_parent` (
			name varchar(140) primary key,
			creation datetime(6),
			modified datetime(6),
			modified_by varchar(140),
			owner varchar(140),
			docstatus tinyint not null default '0',
			idx int not null default '0',
			`_user_tags` text,
`_comments` text,
`_assign` text,
`_liked_by` text,
index creation(creation))
			ENGINE=InnoDB
			ROW_FORMAT=DYNAMIC
			CHARACTER SET=utf8mb4
			COLLATE=utf8mb4_unicode_ci
2026-04-26 15:01:20,012 WARNING database DDL Query made to DB:
create table `tabService Request` (
			name varchar(140) primary key,
			creation datetime(6),
			modified datetime(6),
			modified_by varchar(140),
			owner varchar(140),
			docstatus tinyint not null default '0',
			idx int not null default '0',
			`amended_from` varchar(140),
`_user_tags` text,
`_comments` text,
`_assign` text,
`_liked_by` text,
index `amended_from`(`amended_from`),
index creation(creation))
			ENGINE=InnoDB
			ROW_FORMAT=DYNAMIC
			CHARACTER SET=utf8mb4
			COLLATE=utf8mb4_unicode_ci
2026-04-26 15:02:30,057 WARNING database DDL Query made to DB:
ALTER TABLE `tabService Request` ADD COLUMN `name1` varchar(140), ADD COLUMN `phone` varchar(140), ADD COLUMN `type` varchar(140)
2026-04-26 15:09:04,516 WARNING database DDL Query made to DB:
ALTER TABLE `tabService Request` ADD COLUMN `workflow_state` varchar(140)
2026-04-27 09:17:15,703 WARNING database DDL Query made to DB:
ALTER TABLE `tabService Item` ADD COLUMN `_user_tags` text, ADD COLUMN `_comments` text, ADD COLUMN `_assign` text, ADD COLUMN `_liked_by` text
2026-04-27 09:17:17,715 WARNING database DDL Query made to DB:
ALTER TABLE `tabAddress` ADD COLUMN `tax_category` varchar(140), ADD COLUMN `is_your_company_address` tinyint(4) NOT NULL DEFAULT 0
2026-04-27 09:17:17,804 WARNING database DDL Query made to DB:
ALTER TABLE `tabContact` ADD COLUMN `is_billing_contact` tinyint(4) NOT NULL DEFAULT 0
2026-04-27 09:22:40,742 WARNING database DDL Query made to DB:
ALTER TABLE `tabService Item` MODIFY `end_time` datetime(6), ADD UNIQUE INDEX IF NOT EXISTS item_code (`item_code`)
2026-04-27 09:23:04,744 WARNING database DDL Query made to DB:
ALTER TABLE `tabService Item` MODIFY `start_time` datetime(6)
2026-04-27 09:40:05,091 WARNING database DDL Query made to DB:
ALTER TABLE `tabPayment Entry Service` ADD COLUMN `invoice_number` varchar(140), ADD COLUMN `client` varchar(140), ADD COLUMN `payment_date` datetime(6), ADD COLUMN `amount_paid` decimal(21,9) NOT NULL DEFAULT 0.0, ADD COLUMN `payment_method` varchar(140), ADD COLUMN `payment_type` varchar(140)
