2026-04-26 12:33:43,302 ERROR frappe New Exception collected in error log
Site: service
Form Dict: {'doc': '{"docstatus":0,"doctype":"Payment Entry Service","name":"new-payment-entry-service-gkzzgicfcq","__islocal":1,"__unsaved":1,"owner":"Administrator","custom_payment_method":"Cash ","custom_invoice":"02ao7pj6nq","custom_payment_date":"2026-04-26 12:33:32","custom_amount_paid":400,"custom_refrence_no":"3250"}', 'action': 'Save', 'cmd': 'frappe.desk.form.save.savedocs'}
2026-04-26 12:33:53,236 ERROR frappe New Exception collected in error log
Site: service
Form Dict: {'doc': '{"docstatus":0,"doctype":"Payment Entry Service","name":"new-payment-entry-service-gkzzgicfcq","__islocal":1,"__unsaved":1,"owner":"Administrator","custom_payment_method":"Bank ","custom_invoice":"02ao7pj6nq","custom_payment_date":"2026-04-26 12:33:32","custom_amount_paid":400,"custom_refrence_no":"3250"}', 'action': 'Save', 'cmd': 'frappe.desk.form.save.savedocs'}
2026-04-26 12:37:54,792 ERROR frappe New Exception collected in error log
Site: service
Form Dict: {'doctype': 'Payment Entry Service', 'name': 't0e81959bt', 'cmd': 'frappe.desk.form.load.getdoc'}
2026-04-26 12:38:09,088 ERROR frappe New Exception collected in error log
Site: service
Form Dict: {'doctype': 'Payment Entry Service', 'name': 't0e81959bt', 'cmd': 'frappe.desk.form.load.getdoc'}
2026-04-26 12:39:04,373 ERROR frappe New Exception collected in error log
Site: service
Form Dict: {'doctype': 'Payment Entry Service', 'name': 't0e81959bt', 'cmd': 'frappe.desk.form.load.getdoc'}
2026-04-26 12:39:17,010 ERROR frappe New Exception collected in error log
Site: service
Form Dict: {'doctype': 'Payment Entry Service', 'name': 't0e81959bt', 'cmd': 'frappe.desk.form.load.getdoc'}
2026-04-26 12:48:03,573 ERROR frappe New Exception collected in error log
Site: service
Form Dict: {'doc': '{"docstatus":0,"doctype":"Workflow","name":"new-workflow-jzwpevayzg","__islocal":1,"__unsaved":1,"owner":"Administrator","is_active":1,"override_status":0,"send_email_alert":0,"enable_action_confirmation":0,"states":[{"docstatus":0,"doctype":"Workflow Document State","name":"new-workflow-document-state-owbtxvfigy","__islocal":1,"__unsaved":1,"owner":"Administrator","doc_status":"0","evaluate_as_expression":0,"is_optional_state":0,"avoid_status_override":0,"send_email":1,"parent":"new-workflow-jzwpevayzg","parentfield":"states","parenttype":"Workflow","idx":1,"__unedited":false,"state":"Draft","allow_edit":"All"},{"docstatus":0,"doctype":"Workflow Document State","name":"new-workflow-document-state-fwcvgeocjt","__islocal":1,"__unsaved":1,"owner":"Administrator","doc_status":"1","evaluate_as_expression":0,"is_optional_state":0,"avoid_status_override":0,"send_email":1,"parent":"new-workflow-jzwpevayzg","parentfield":"states","parenttype":"Workflow","idx":2,"__unedited":false,"state":"Confirmed","allow_edit":"All"}],"transitions":[{"docstatus":0,"doctype":"Workflow Transition","name":"new-workflow-transition-pdbgmerhpc","__islocal":1,"__unsaved":1,"owner":"Administrator","allow_self_approval":1,"send_email_to_creator":0,"parent":"new-workflow-jzwpevayzg","parentfield":"transitions","parenttype":"Workflow","idx":1,"__unedited":false,"state":"Draft","action":"Submit For Paid","next_state":"Pending","allowed":"All"},{"docstatus":0,"doctype":"Workflow Transition","name":"new-workflow-transition-rbhkkshdmx","__islocal":1,"__unsaved":1,"owner":"Administrator","allow_self_approval":1,"send_email_to_creator":0,"parent":"new-workflow-jzwpevayzg","parentfield":"transitions","parenttype":"Workflow","idx":2,"__unedited":false,"state":"Pending","action":"Submit For Paid","next_state":"Confirmed","allowed":"All"}],"workflow_state_field":"workflow_state","workflow_name":"Payment Entry Service","document_type":"Payment Entry Service"}', 'action': 'Save', 'cmd': 'frappe.desk.form.save.savedocs'}
2026-04-26 12:48:40,139 ERROR frappe New Exception collected in error log
Site: service
Form Dict: {'doc': '{"name":"t0e81959bt","owner":"Administrator","creation":"2026-04-26 12:34:41.412804","modified":"2026-04-26 12:34:41.412804","modified_by":"Administrator","docstatus":0,"idx":0,"workflow_state":"Draft","custom_invoice":"02ao7pj6nq","custom_payment_date":"2026-04-26 12:34:33","custom_total_invoice_amount":0,"custom_amount_paid":567,"custom_outstanding_amount":0,"custom_payment_method":"Cash","custom_refrence_no":"321","doctype":"Payment Entry Service","__last_sync_on":"2026-04-26T06:48:37.399Z"}', 'action': 'Submit For Paid', 'cmd': 'frappe.model.workflow.apply_workflow'}
2026-04-26 12:49:09,339 ERROR frappe New Exception collected in error log
Site: service
Form Dict: {'doc': '{"name":"5ep0cib6is","owner":"Administrator","creation":"2026-04-26 12:49:06.554712","modified":"2026-04-26 12:49:06.554712","modified_by":"Administrator","docstatus":0,"idx":0,"workflow_state":"Draft","custom_invoice":"02ao7pj6nq","custom_payment_date":"2026-04-26 12:48:56","custom_total_invoice_amount":0,"custom_amount_paid":436,"custom_outstanding_amount":0,"custom_payment_method":"Bank","custom_refrence_no":"43er78","doctype":"Payment Entry Service","__last_sync_on":"2026-04-26T06:49:06.688Z"}', 'action': 'Submit For Paid', 'cmd': 'frappe.model.workflow.apply_workflow'}
2026-04-26 14:24:37,563 ERROR frappe New Exception collected in error log
Site: service
Form Dict: {'docs': '{"name":"Customize Form","owner":"Administrator","docstatus":0,"idx":0,"grid_page_length":0,"rows_threshold_for_grid_search":0,"istable":0,"is_calendar_and_gantt":0,"editable_grid":0,"quick_entry":1,"track_changes":0,"track_views":0,"allow_auto_repeat":0,"allow_import":0,"queue_in_background":0,"naming_rule":"","max_attachments":0,"hide_toolbar":0,"allow_copy":0,"make_attachments_public":0,"protect_attached_files":0,"show_title_field_in_link":0,"translated_doctype":0,"force_re_route_to_default_view":0,"show_preview_popup":0,"show_name_in_global_search":0,"email_append_to":0,"sort_order":"ASC","doctype":"Customize Form","actions":[],"links":[],"states":[],"fields":[],"__unsaved":1,"__last_sync_on":"2026-04-26T08:24:36.238Z","doc_type":"Report"}', 'method': 'fetch_to_customize', 'cmd': 'run_doc_method'}
2026-04-26 14:37:10,749 ERROR frappe New Exception collected in error log
Site: service
Form Dict: {'doc': '{"docstatus":0,"doctype":"Dashboard Chart","name":"new-dashboard-chart-uiotfpnwrm","__islocal":1,"__unsaved":1,"owner":"Administrator","is_standard":0,"chart_type":"Count","use_report_chart":0,"y_axis":[],"group_by_type":"Count","is_public":1,"timespan":"Last Year","time_interval":"Yearly","timeseries":1,"type":"Pie","show_values_over_chart":0,"currency":"BDT","roles":[],"chart_name":"Service Management","filters_json":"null"}', 'action': 'Save', 'cmd': 'frappe.desk.form.save.savedocs'}
2026-04-26 14:38:29,400 ERROR frappe New Exception collected in error log
Site: service
Form Dict: {'doc': '{"docstatus":0,"doctype":"Dashboard Chart","name":"new-dashboard-chart-uiotfpnwrm","__islocal":1,"__unsaved":1,"owner":"Administrator","is_standard":0,"chart_type":"Count","use_report_chart":0,"y_axis":[],"group_by_type":"Count","is_public":1,"timespan":"Last Year","time_interval":"Yearly","timeseries":"","type":"Pie","show_values_over_chart":0,"currency":"BDT","roles":[],"chart_name":"Service Management","filters_json":"[]","document_type":"Support Technician","source":"","based_on":"","value_based_on":"","parent_document_type":"","dynamic_filters_json":"[]"}', 'action': 'Save', 'cmd': 'frappe.desk.form.save.savedocs'}
2026-04-26 14:38:35,767 ERROR frappe New Exception collected in error log
Site: service
Form Dict: {'doc': '{"docstatus":0,"doctype":"Dashboard Chart","name":"new-dashboard-chart-uiotfpnwrm","__islocal":1,"__unsaved":1,"owner":"Administrator","is_standard":0,"chart_type":"Count","use_report_chart":0,"y_axis":[],"group_by_type":"Count","is_public":1,"timespan":"Last Year","time_interval":"Yearly","timeseries":"","type":"Pie","show_values_over_chart":0,"currency":"BDT","roles":[],"chart_name":"Service Management","filters_json":"[]","document_type":"Support Technician","source":"","based_on":"","value_based_on":"","parent_document_type":"","dynamic_filters_json":"[]"}', 'action': 'Save', 'cmd': 'frappe.desk.form.save.savedocs'}
2026-04-26 14:40:14,128 ERROR frappe New Exception collected in error log
Site: service
Form Dict: {'doc': '{"docstatus":0,"doctype":"Dashboard Chart","name":"new-dashboard-chart-xiakipkaun","__islocal":1,"__unsaved":1,"owner":"Administrator","is_standard":0,"chart_type":"Count","use_report_chart":0,"y_axis":[],"group_by_type":"Count","is_public":1,"timespan":"Last Year","time_interval":"Yearly","timeseries":"","type":"Pie","show_values_over_chart":0,"currency":"BDT","roles":[],"document_type":"Service Invoice","source":"","based_on":"","value_based_on":"","parent_document_type":"","filters_json":"[]","dynamic_filters_json":"[]","chart_name":"Service Management"}', 'action': 'Save', 'cmd': 'frappe.desk.form.save.savedocs'}
2026-04-26 14:40:26,956 ERROR frappe New Exception collected in error log
Site: service
Form Dict: {'doc': '{"docstatus":0,"doctype":"Dashboard Chart","name":"new-dashboard-chart-xiakipkaun","__islocal":1,"__unsaved":1,"owner":"Administrator","is_standard":0,"chart_type":"Count","use_report_chart":0,"y_axis":[],"group_by_type":"Count","is_public":1,"timespan":"Last Year","time_interval":"Yearly","timeseries":1,"type":"Pie","show_values_over_chart":0,"currency":"BDT","roles":[],"document_type":"Service Invoice","source":"","based_on":"","value_based_on":"","parent_document_type":"","filters_json":"[]","dynamic_filters_json":"[]","chart_name":"Service Management"}', 'action': 'Save', 'cmd': 'frappe.desk.form.save.savedocs'}
2026-04-26 14:41:40,310 ERROR frappe New Exception collected in error log
Site: service
Form Dict: {'doc': '{"docstatus":0,"doctype":"Dashboard Chart","name":"new-dashboard-chart-irempagber","__islocal":1,"__unsaved":1,"owner":"Administrator","is_standard":0,"chart_type":"Count","use_report_chart":0,"y_axis":[],"group_by_type":"Count","is_public":0,"timespan":"Last Year","time_interval":"Yearly","timeseries":1,"type":"Line","show_values_over_chart":0,"currency":"BDT","roles":[],"document_type":"Service Invoice","source":"","based_on":"","value_based_on":"","parent_document_type":"","filters_json":"[]","dynamic_filters_json":"[]","chart_name":"Service Management"}', 'action': 'Save', 'cmd': 'frappe.desk.form.save.savedocs'}
2026-04-26 14:43:49,972 ERROR frappe New Exception collected in error log
Site: service
Form Dict: {'doc': '{"docstatus":0,"doctype":"Number Card","name":"new-number-card-poftbvodzc","__islocal":1,"__unsaved":1,"owner":"Administrator","is_standard":0,"type":"Document Type","function":"Count","report_function":"Sum","is_public":0,"currency":"BDT","show_full_number":0,"show_percentage_stats":1,"stats_time_interval":"Daily","label":"Total Requests","document_type":"Service Item","filters_json":"[]","dynamic_filters_json":"[]","aggregate_function_based_on":"","parent_document_type":""}', 'action': 'Save', 'cmd': 'frappe.desk.form.save.savedocs'}
2026-04-26 14:54:16,429 ERROR frappe New Exception collected in error log
Site: service
Form Dict: {'doc': '{"docstatus":0,"doctype":"Dashboard Chart","name":"new-dashboard-chart-sytjonoxij","__islocal":1,"__unsaved":1,"owner":"Administrator","is_standard":0,"chart_type":"Count","use_report_chart":0,"y_axis":[],"group_by_type":"Count","is_public":0,"timespan":"Last Year","time_interval":"Yearly","timeseries":"","type":"Line","show_values_over_chart":0,"currency":"BDT","roles":[],"chart_name":"try","document_type":"Account","source":"","based_on":"","value_based_on":"","parent_document_type":"","filters_json":"[]","dynamic_filters_json":"[]"}', 'action': 'Save', 'cmd': 'frappe.desk.form.save.savedocs'}
2026-04-26 14:56:03,503 ERROR frappe New Exception collected in error log
Site: service
Form Dict: {'doc': '{"docstatus":0,"doctype":"Dashboard Chart","name":"new-dashboard-chart-sytjonoxij","__islocal":1,"__unsaved":1,"owner":"Administrator","is_standard":0,"chart_type":"Count","use_report_chart":0,"y_axis":[],"group_by_type":"Count","is_public":0,"timespan":"Last Year","time_interval":"Yearly","timeseries":"","type":"Line","show_values_over_chart":0,"currency":"BDT","roles":[],"chart_name":"Service Management","document_type":"Account","source":"","based_on":"","value_based_on":"","parent_document_type":"","filters_json":"[]","dynamic_filters_json":"[]"}', 'action': 'Save', 'cmd': 'frappe.desk.form.save.savedocs'}
2026-04-26 14:57:11,800 ERROR frappe New Exception collected in error log
Site: service
Form Dict: {'doc': '{"docstatus":0,"doctype":"Dashboard Chart","name":"new-dashboard-chart-sytjonoxij","__islocal":1,"__unsaved":1,"owner":"Administrator","is_standard":1,"chart_type":"Count","use_report_chart":0,"y_axis":[],"group_by_type":"Count","is_public":0,"timespan":"Last Year","time_interval":"Yearly","timeseries":"","type":"Line","show_values_over_chart":1,"currency":"BDT","roles":[],"chart_name":"Service Management","document_type":"Service Item","source":"","based_on":"","value_based_on":"","parent_document_type":"","filters_json":"[]","dynamic_filters_json":"[]","color":"#29CD42","module":"service manage"}', 'action': 'Save', 'cmd': 'frappe.desk.form.save.savedocs'}
2026-04-26 15:27:30,760 ERROR frappe New Exception collected in error log
Site: service
Form Dict: {'doc': '{"docstatus":0,"doctype":"Email Account","name":"new-email-account-nmrzxffvcs","__islocal":1,"__unsaved":1,"owner":"Administrator","enable_incoming":0,"enable_outgoing":1,"service":"GMail","frappe_mail_site":"https://frappemail.com","auth_method":"Basic","backend_app_flow":0,"awaiting_password":0,"ascii_encode_password":0,"login_id_is_different":0,"default_incoming":0,"use_imap":1,"use_ssl":1,"validate_ssl_certificate":1,"use_starttls":0,"email_sync_option":"UNSEEN","initial_sync_count":"250","imap_folder":[{"docstatus":0,"doctype":"IMAP Folder","name":"new-imap-folder-kzapehojsm","__islocal":1,"__unsaved":1,"owner":"Administrator","parent":"new-email-account-nmrzxffvcs","parentfield":"imap_folder","parenttype":"Email Account","idx":1,"folder_name":"INBOX"}],"append_emails_to_sent_folder":0,"create_contact":1,"enable_automatic_linking":0,"notify_if_unreplied":0,"unreplied_for_mins":30,"default_outgoing":0,"always_use_account_email_id_as_sender":0,"always_use_account_name_as_sender_name":0,"send_unsubscribe_message":1,"track_email_status":1,"add_x_original_from":1,"add_reply_to_header":1,"reply_to_addresses":[],"use_tls":1,"use_ssl_for_outgoing":0,"no_smtp_authentication":0,"dsn_notify_type":"","add_signature":0,"enable_auto_reply":0,"attachment_limit":25,"email_id":"azizulhoq.ju@gmail.com","email_server":"imap.gmail.com","incoming_port":993,"smtp_server":"smtp.gmail.com","smtp_port":587,"password":"1234"}', 'action': 'Save', 'cmd': 'frappe.desk.form.save.savedocs'}
